
/home/runner/work/exp-grain-fineness-number-dei/exp-grain-fineness-number-dei/experiment/simulation/js/main.js
    3:5   warning  'naoh' is assigned a value but never used      no-unused-vars
    4:5   warning  'sand' is assigned a value but never used      no-unused-vars
    5:10  warning  'dispmenu' is defined but never used           no-unused-vars
   25:1   warning  Mixed spaces and tabs                          no-mixed-spaces-and-tabs
   28:10  warning  'sandSample' is defined but never used         no-unused-vars
   37:10  warning  'unlockNuts' is defined but never used         no-unused-vars
   46:10  warning  'putSand' is defined but never used            no-unused-vars
   55:10  warning  'relock' is defined but never used             no-unused-vars
   64:10  warning  'stopWatch' is defined but never used          no-unused-vars
   73:10  warning  'unlock' is defined but never used             no-unused-vars
   82:10  warning  'weightTopSieve' is defined but never used     no-unused-vars
   91:10  warning  'weight850Sieve' is defined but never used     no-unused-vars
  100:10  warning  'weight600Sieve' is defined but never used     no-unused-vars
  109:10  warning  'weight425Sieve' is defined but never used     no-unused-vars
  118:10  warning  'weight300Sieve' is defined but never used     no-unused-vars
  127:10  warning  'weight212Sieve' is defined but never used     no-unused-vars
  136:10  warning  'weight150Sieve' is defined but never used     no-unused-vars
  145:10  warning  'weight106Sieve' is defined but never used     no-unused-vars
  154:10  warning  'weight75Sieve' is defined but never used      no-unused-vars
  163:10  warning  'weight53Sieve' is defined but never used      no-unused-vars
  172:10  warning  'weightBottomSieve' is defined but never used  no-unused-vars
  181:10  warning  'reading' is defined but never used            no-unused-vars
  190:10  warning  'result' is defined but never used             no-unused-vars
  196:10  warning  'resetfun' is defined but never used           no-unused-vars

✖ 24 problems (0 errors, 24 warnings)

